Arguments: 
  /home/liliwol/.nvm/versions/node/v12.19.0/bin/node /usr/share/yarn/bin/yarn.js add readdirp

PATH: 
  /home/liliwol/.nvm/versions/node/v12.19.0/bin:/home/liliwol/perl5/bin:/usr/local/bin:/usr/bin:/bin:/usr/games:/opt/yarn-[version]/bin

Yarn version: 
  1.22.5

Node version: 
  12.19.0

Platform: 
  linux x64

Trace: 
  Error: EACCES: permission denied, mkdir '/var/www/str3aming/node_modules/path/node_modules/inherits'

npm manifest: 
  {
    "name": "streaming",
    "version": "1.0.0",
    "description": "Streaming with Node",
    "main": "streaming.js",
    "dependencies": {
      "ejs": "^2.7.4",
      "express": "^4.17.1",
      "express-basic-auth": "^1.2.0",
      "express-status-monitor": "^1.2.9",
      "figlet": "^1.3.0",
      "fs": "0.0.1-security",
      "helmet": "^3.21.3",
      "html": "^1.0.0",
      "html-truncate": "^1.2.2",
      "matomo-tracker": "^2.2.1",
      "mustache": "^3.2.1",
      "node-fetch": "^2.6.0",
      "nodemon": "^2.0.2",
      "path": "^0.12.7",
      "readdirp": "^3.3.0",
      "secure-filters": "^1.1.0",
      "sprintf-js": "^1.1.2",
      "util": "^0.12.2"
    },
    "devDependencies": {},
    "scripts": {
      "test": "echo \"Error: no test specified\" && exit 1"
    },
    "author": "",
    "license": "ISC"
  }

yarn manifest: 
  No manifest

Lockfile: 
  No lockfile
